<?xml version="1.0" encoding="UTF-8"?>
<testsuite name="hello.hellospring.service.MemberServiceintegrationTest" tests="2" skipped="0" failures="0" errors="0" timestamp="2022-09-04T11:01:39" hostname="DESKTOP-B9PNON5" time="0.59">
  <properties/>
  <testcase name="중복_회원_예외()" classname="hello.hellospring.service.MemberServiceintegrationTest" time="0.562"/>
  <testcase name="회원가입()" classname="hello.hellospring.service.MemberServiceintegrationTest" time="0.027"/>
  <system-out><![CDATA[20:01:33.084 [Test worker] DEBUG org.springframework.test.context.BootstrapUtils - Instantiating CacheAwareContextLoaderDelegate from class [org.springframework.test.context.cache.DefaultCacheAwareContextLoaderDelegate]
20:01:33.100 [Test worker] DEBUG org.springframework.test.context.BootstrapUtils - Instantiating BootstrapContext using constructor [public org.springframework.test.context.support.DefaultBootstrapContext(java.lang.Class,org.springframework.test.context.CacheAwareContextLoaderDelegate)]
20:01:33.142 [Test worker] DEBUG org.springframework.test.context.BootstrapUtils - Instantiating TestContextBootstrapper for test class [hello.hellospring.service.MemberServiceintegrationTest] from class [org.springframework.boot.test.context.SpringBootTestContextBootstrapper]
20:01:33.158 [Test worker] INFO org.springframework.boot.test.context.SpringBootTestContextBootstrapper - Neither @ContextConfiguration nor @ContextHierarchy found for test class [hello.hellospring.service.MemberServiceintegrationTest], using SpringBootContextLoader
20:01:33.163 [Test worker] DEBUG org.springframework.test.context.support.AbstractContextLoader - Did not detect default resource location for test class [hello.hellospring.service.MemberServiceintegrationTest]: class path resource [hello/hellospring/service/MemberServiceintegrationTest-context.xml] does not exist
20:01:33.164 [Test worker] DEBUG org.springframework.test.context.support.AbstractContextLoader - Did not detect default resource location for test class [hello.hellospring.service.MemberServiceintegrationTest]: class path resource [hello/hellospring/service/MemberServiceintegrationTestContext.groovy] does not exist
20:01:33.164 [Test worker] INFO org.springframework.test.context.support.AbstractContextLoader - Could not detect default resource locations for test class [hello.hellospring.service.MemberServiceintegrationTest]: no resource found for suffixes {-context.xml, Context.groovy}.
20:01:33.165 [Test worker] INFO org.springframework.test.context.support.AnnotationConfigContextLoaderUtils - Could not detect default configuration classes for test class [hello.hellospring.service.MemberServiceintegrationTest]: MemberServiceintegrationTest does not declare any static, non-private, non-final, nested classes annotated with @Configuration.
20:01:33.223 [Test worker] DEBUG org.springframework.test.context.support.ActiveProfilesUtils - Could not find an 'annotation declaring class' for annotation type [org.springframework.test.context.ActiveProfiles] and class [hello.hellospring.service.MemberServiceintegrationTest]
20:01:33.303 [Test worker] DEBUG org.springframework.context.annotation.ClassPathScanningCandidateComponentProvider - Identified candidate component class: file [C:\Users\livm2\Desktop\git\hello-spring 2\build\classes\java\main\hello\hellospring\HelloSpringApplication.class]
20:01:33.308 [Test worker] INFO org.springframework.boot.test.context.SpringBootTestContextBootstrapper - Found @SpringBootConfiguration hello.hellospring.HelloSpringApplication for test class hello.hellospring.service.MemberServiceintegrationTest
20:01:33.442 [Test worker] DEBUG org.springframework.boot.test.context.SpringBootTestContextBootstrapper - @TestExecutionListeners is not present for class [hello.hellospring.service.MemberServiceintegrationTest]: using defaults.
20:01:33.443 [Test worker] INFO org.springframework.boot.test.context.SpringBootTestContextBootstrapper - Loaded default TestExecutionListener class names from location [META-INF/spring.factories]: [org.springframework.boot.test.autoconfigure.restdocs.RestDocsTestExecutionListener, org.springframework.boot.test.autoconfigure.web.client.MockRestServiceServerResetTestExecutionListener, org.springframework.boot.test.autoconfigure.web.servlet.MockMvcPrintOnlyOnFailureTestExecutionListener, org.springframework.boot.test.autoconfigure.web.servlet.WebDriverTestExecutionListener, org.springframework.boot.test.autoconfigure.webservices.client.MockWebServiceServerTestExecutionListener, org.springframework.boot.test.mock.mockito.MockitoTestExecutionListener, org.springframework.boot.test.mock.mockito.ResetMocksTestExecutionListener, org.springframework.test.context.web.ServletTestExecutionListener, org.springframework.test.context.support.DirtiesContextBeforeModesTestExecutionListener, org.springframework.test.context.event.ApplicationEventsTestExecutionListener, org.springframework.test.context.support.DependencyInjectionTestExecutionListener, org.springframework.test.context.support.DirtiesContextTestExecutionListener, org.springframework.test.context.transaction.TransactionalTestExecutionListener, org.springframework.test.context.jdbc.SqlScriptsTestExecutionListener, org.springframework.test.context.event.EventPublishingTestExecutionListener]
20:01:33.464 [Test worker] INFO org.springframework.boot.test.context.SpringBootTestContextBootstrapper - Using TestExecutionListeners: [org.springframework.test.context.web.ServletTestExecutionListener@4ced35ed, org.springframework.test.context.support.DirtiesContextBeforeModesTestExecutionListener@2c22a348, org.springframework.test.context.event.ApplicationEventsTestExecutionListener@7bd69e82, org.springframework.boot.test.mock.mockito.MockitoTestExecutionListener@74d7184a, org.springframework.boot.test.autoconfigure.SpringBootDependencyInjectionTestExecutionListener@51b01960, org.springframework.test.context.support.DirtiesContextTestExecutionListener@6831d8fd, org.springframework.test.context.transaction.TransactionalTestExecutionListener@27dc79f7, org.springframework.test.context.jdbc.SqlScriptsTestExecutionListener@6b85300e, org.springframework.test.context.event.EventPublishingTestExecutionListener@3aaf4f07, org.springframework.boot.test.autoconfigure.restdocs.RestDocsTestExecutionListener@5cbf9e9f, org.springframework.boot.test.autoconfigure.web.client.MockRestServiceServerResetTestExecutionListener@18e8473e, org.springframework.boot.test.autoconfigure.web.servlet.MockMvcPrintOnlyOnFailureTestExecutionListener@5a2f016d, org.springframework.boot.test.autoconfigure.web.servlet.WebDriverTestExecutionListener@1a38ba58, org.springframework.boot.test.autoconfigure.webservices.client.MockWebServiceServerTestExecutionListener@3ad394e6, org.springframework.boot.test.mock.mockito.ResetMocksTestExecutionListener@6058e535]
20:01:33.468 [Test worker] DEBUG org.springframework.test.context.support.AbstractDirtiesContextTestExecutionListener - Before test class: context [DefaultTestContext@3a45c42a testClass = MemberServiceintegrationTest, testInstance = [null], testMethod = [null], testException = [null], mergedContextConfiguration = [WebMergedContextConfiguration@36dce7ed testClass = MemberServiceintegrationTest, locations = '{}', classes = '{class hello.hellospring.HelloSpringApplication}', contextInitializerClasses = '[]', activeProfiles = '{}', propertySourceLocations = '{}', propertySourceProperties = '{org.springframework.boot.test.context.SpringBootTestContextBootstrapper=true}', contextCustomizers = set[org.springframework.boot.test.autoconfigure.actuate.metrics.MetricsExportContextCustomizerFactory$DisableMetricExportContextCustomizer@a776e, org.springframework.boot.test.autoconfigure.properties.PropertyMappingContextCustomizer@0, org.springframework.boot.test.autoconfigure.web.servlet.WebDriverContextCustomizerFactory$Customizer@e077866, org.springframework.boot.test.context.filter.ExcludeFilterContextCustomizer@1c7fd41f, org.springframework.boot.test.json.DuplicateJsonObjectContextCustomizerFactory$DuplicateJsonObjectContextCustomizer@662f5666, org.springframework.boot.test.mock.mockito.MockitoContextCustomizer@0, org.springframework.boot.test.web.client.TestRestTemplateContextCustomizer@5c87bfe2, org.springframework.boot.test.context.SpringBootTestArgs@1, org.springframework.boot.test.context.SpringBootTestWebEnvironment@3336e6b6], resourceBasePath = 'src/main/webapp', contextLoader = 'org.springframework.boot.test.context.SpringBootContextLoader', parent = [null]], attributes = map['org.springframework.test.context.web.ServletTestExecutionListener.activateListener' -> true]], class annotated with @DirtiesContext [false] with mode [null].

  .   ____          _            __ _ _
 /\\ / ___'_ __ _ _(_)_ __  __ _ \ \ \ \
( ( )\___ | '_ | '_| | '_ \/ _` | \ \ \ \
 \\/  ___)| |_)| | | | | || (_| |  ) ) ) )
  '  |____| .__|_| |_|_| |_\__, | / / / /
 =========|_|==============|___/=/_/_/_/
 :: Spring Boot ::                (v2.7.3)

2022-09-04 20:01:33.881  INFO 5544 --- [    Test worker] h.h.s.MemberServiceintegrationTest       : Starting MemberServiceintegrationTest using Java 11.0.16.1 on DESKTOP-B9PNON5 with PID 5544 (started by livm2 in C:\Users\livm2\Desktop\git\hello-spring 2)
2022-09-04 20:01:33.884  INFO 5544 --- [    Test worker] h.h.s.MemberServiceintegrationTest       : No active profile set, falling back to 1 default profile: "default"
2022-09-04 20:01:34.761  INFO 5544 --- [    Test worker] .s.d.r.c.RepositoryConfigurationDelegate : Bootstrapping Spring Data JPA repositories in DEFAULT mode.
2022-09-04 20:01:34.838  INFO 5544 --- [    Test worker] .s.d.r.c.RepositoryConfigurationDelegate : Finished Spring Data repository scanning in 63 ms. Found 1 JPA repository interfaces.
2022-09-04 20:01:35.595  INFO 5544 --- [    Test worker] o.hibernate.jpa.internal.util.LogHelper  : HHH000204: Processing PersistenceUnitInfo [name: default]
2022-09-04 20:01:35.728  INFO 5544 --- [    Test worker] org.hibernate.Version                    : HHH000412: Hibernate ORM core version 5.6.10.Final
2022-09-04 20:01:35.998  INFO 5544 --- [    Test worker] o.hibernate.annotations.common.Version   : HCANN000001: Hibernate Commons Annotations {5.1.2.Final}
2022-09-04 20:01:36.149  INFO 5544 --- [    Test worker] com.zaxxer.hikari.HikariDataSource       : HikariPool-1 - Starting...
2022-09-04 20:01:36.280  INFO 5544 --- [    Test worker] com.zaxxer.hikari.HikariDataSource       : HikariPool-1 - Start completed.
2022-09-04 20:01:36.345  INFO 5544 --- [    Test worker] org.hibernate.dialect.Dialect            : HHH000400: Using dialect: org.hibernate.dialect.H2Dialect
Hibernate: drop table if exists member CASCADE 
Hibernate: create table member (id bigint generated by default as identity, name varchar(255), primary key (id))
2022-09-04 20:01:37.242  INFO 5544 --- [    Test worker] o.h.e.t.j.p.i.JtaPlatformInitiator       : HHH000490: Using JtaPlatform implementation: [org.hibernate.engine.transaction.jta.platform.internal.NoJtaPlatform]
2022-09-04 20:01:37.255  INFO 5544 --- [    Test worker] j.LocalContainerEntityManagerFactoryBean : Initialized JPA EntityManagerFactory for persistence unit 'default'
2022-09-04 20:01:38.148  WARN 5544 --- [    Test worker] JpaBaseConfiguration$JpaWebConfiguration : spring.jpa.open-in-view is enabled by default. Therefore, database queries may be performed during view rendering. Explicitly configure spring.jpa.open-in-view to disable this warning
2022-09-04 20:01:38.649  INFO 5544 --- [    Test worker] o.s.b.a.w.s.WelcomePageHandlerMapping    : Adding welcome page: class path resource [static/index.html]
2022-09-04 20:01:39.210  INFO 5544 --- [    Test worker] h.h.s.MemberServiceintegrationTest       : Started MemberServiceintegrationTest in 5.698 seconds (JVM running for 8.381)
2022-09-04 20:01:39.254  INFO 5544 --- [    Test worker] o.s.t.c.transaction.TransactionContext   : Began transaction (1) for test context [DefaultTestContext@3a45c42a testClass = MemberServiceintegrationTest, testInstance = hello.hellospring.service.MemberServiceintegrationTest@7c0035dd, testMethod = 중복_회원_예외@MemberServiceintegrationTest, testException = [null], mergedContextConfiguration = [WebMergedContextConfiguration@36dce7ed testClass = MemberServiceintegrationTest, locations = '{}', classes = '{class hello.hellospring.HelloSpringApplication}', contextInitializerClasses = '[]', activeProfiles = '{}', propertySourceLocations = '{}', propertySourceProperties = '{org.springframework.boot.test.context.SpringBootTestContextBootstrapper=true}', contextCustomizers = set[org.springframework.boot.test.autoconfigure.actuate.metrics.MetricsExportContextCustomizerFactory$DisableMetricExportContextCustomizer@a776e, org.springframework.boot.test.autoconfigure.properties.PropertyMappingContextCustomizer@0, org.springframework.boot.test.autoconfigure.web.servlet.WebDriverContextCustomizerFactory$Customizer@e077866, org.springframework.boot.test.context.filter.ExcludeFilterContextCustomizer@1c7fd41f, org.springframework.boot.test.json.DuplicateJsonObjectContextCustomizerFactory$DuplicateJsonObjectContextCustomizer@662f5666, org.springframework.boot.test.mock.mockito.MockitoContextCustomizer@0, org.springframework.boot.test.web.client.TestRestTemplateContextCustomizer@5c87bfe2, org.springframework.boot.test.context.SpringBootTestArgs@1, org.springframework.boot.test.context.SpringBootTestWebEnvironment@3336e6b6], resourceBasePath = 'src/main/webapp', contextLoader = 'org.springframework.boot.test.context.SpringBootContextLoader', parent = [null]], attributes = map['org.springframework.test.context.web.ServletTestExecutionListener.activateListener' -> true, 'org.springframework.test.context.web.ServletTestExecutionListener.populatedRequestContextHolder' -> true, 'org.springframework.test.context.web.ServletTestExecutionListener.resetRequestContextHolder' -> true, 'org.springframework.test.context.event.ApplicationEventsTestExecutionListener.recordApplicationEvents' -> false]]; transaction manager [org.springframework.orm.jpa.JpaTransactionManager@426940f9]; rollback [true]
Hibernate: select member0_.id as id1_0_, member0_.name as name2_0_ from member member0_ where member0_.name=?
Hibernate: insert into member (id, name) values (default, ?)
join = 257ms
Hibernate: select member0_.id as id1_0_, member0_.name as name2_0_ from member member0_ where member0_.name=?
join = 13ms
2022-09-04 20:01:39.790  INFO 5544 --- [    Test worker] o.s.t.c.transaction.TransactionContext   : Rolled back transaction for test: [DefaultTestContext@3a45c42a testClass = MemberServiceintegrationTest, testInstance = hello.hellospring.service.MemberServiceintegrationTest@7c0035dd, testMethod = 중복_회원_예외@MemberServiceintegrationTest, testException = [null], mergedContextConfiguration = [WebMergedContextConfiguration@36dce7ed testClass = MemberServiceintegrationTest, locations = '{}', classes = '{class hello.hellospring.HelloSpringApplication}', contextInitializerClasses = '[]', activeProfiles = '{}', propertySourceLocations = '{}', propertySourceProperties = '{org.springframework.boot.test.context.SpringBootTestContextBootstrapper=true}', contextCustomizers = set[org.springframework.boot.test.autoconfigure.actuate.metrics.MetricsExportContextCustomizerFactory$DisableMetricExportContextCustomizer@a776e, org.springframework.boot.test.autoconfigure.properties.PropertyMappingContextCustomizer@0, org.springframework.boot.test.autoconfigure.web.servlet.WebDriverContextCustomizerFactory$Customizer@e077866, org.springframework.boot.test.context.filter.ExcludeFilterContextCustomizer@1c7fd41f, org.springframework.boot.test.json.DuplicateJsonObjectContextCustomizerFactory$DuplicateJsonObjectContextCustomizer@662f5666, org.springframework.boot.test.mock.mockito.MockitoContextCustomizer@0, org.springframework.boot.test.web.client.TestRestTemplateContextCustomizer@5c87bfe2, org.springframework.boot.test.context.SpringBootTestArgs@1, org.springframework.boot.test.context.SpringBootTestWebEnvironment@3336e6b6], resourceBasePath = 'src/main/webapp', contextLoader = 'org.springframework.boot.test.context.SpringBootContextLoader', parent = [null]], attributes = map['org.springframework.test.context.web.ServletTestExecutionListener.activateListener' -> true, 'org.springframework.test.context.web.ServletTestExecutionListener.populatedRequestContextHolder' -> true, 'org.springframework.test.context.web.ServletTestExecutionListener.resetRequestContextHolder' -> true, 'org.springframework.test.context.event.ApplicationEventsTestExecutionListener.recordApplicationEvents' -> false]]
2022-09-04 20:01:39.803  INFO 5544 --- [    Test worker] o.s.t.c.transaction.TransactionContext   : Began transaction (1) for test context [DefaultTestContext@3a45c42a testClass = MemberServiceintegrationTest, testInstance = hello.hellospring.service.MemberServiceintegrationTest@281028ce, testMethod = 회원가입@MemberServiceintegrationTest, testException = [null], mergedContextConfiguration = [WebMergedContextConfiguration@36dce7ed testClass = MemberServiceintegrationTest, locations = '{}', classes = '{class hello.hellospring.HelloSpringApplication}', contextInitializerClasses = '[]', activeProfiles = '{}', propertySourceLocations = '{}', propertySourceProperties = '{org.springframework.boot.test.context.SpringBootTestContextBootstrapper=true}', contextCustomizers = set[org.springframework.boot.test.autoconfigure.actuate.metrics.MetricsExportContextCustomizerFactory$DisableMetricExportContextCustomizer@a776e, org.springframework.boot.test.autoconfigure.properties.PropertyMappingContextCustomizer@0, org.springframework.boot.test.autoconfigure.web.servlet.WebDriverContextCustomizerFactory$Customizer@e077866, org.springframework.boot.test.context.filter.ExcludeFilterContextCustomizer@1c7fd41f, org.springframework.boot.test.json.DuplicateJsonObjectContextCustomizerFactory$DuplicateJsonObjectContextCustomizer@662f5666, org.springframework.boot.test.mock.mockito.MockitoContextCustomizer@0, org.springframework.boot.test.web.client.TestRestTemplateContextCustomizer@5c87bfe2, org.springframework.boot.test.context.SpringBootTestArgs@1, org.springframework.boot.test.context.SpringBootTestWebEnvironment@3336e6b6], resourceBasePath = 'src/main/webapp', contextLoader = 'org.springframework.boot.test.context.SpringBootContextLoader', parent = [null]], attributes = map['org.springframework.test.context.web.ServletTestExecutionListener.activateListener' -> true, 'org.springframework.test.context.web.ServletTestExecutionListener.populatedRequestContextHolder' -> true, 'org.springframework.test.context.web.ServletTestExecutionListener.resetRequestContextHolder' -> true, 'org.springframework.test.context.event.ApplicationEventsTestExecutionListener.recordApplicationEvents' -> false]]; transaction manager [org.springframework.orm.jpa.JpaTransactionManager@426940f9]; rollback [true]
Hibernate: select member0_.id as id1_0_, member0_.name as name2_0_ from member member0_ where member0_.name=?
Hibernate: insert into member (id, name) values (default, ?)
join = 6ms
2022-09-04 20:01:39.827  INFO 5544 --- [    Test worker] o.s.t.c.transaction.TransactionContext   : Rolled back transaction for test: [DefaultTestContext@3a45c42a testClass = MemberServiceintegrationTest, testInstance = hello.hellospring.service.MemberServiceintegrationTest@281028ce, testMethod = 회원가입@MemberServiceintegrationTest, testException = [null], mergedContextConfiguration = [WebMergedContextConfiguration@36dce7ed testClass = MemberServiceintegrationTest, locations = '{}', classes = '{class hello.hellospring.HelloSpringApplication}', contextInitializerClasses = '[]', activeProfiles = '{}', propertySourceLocations = '{}', propertySourceProperties = '{org.springframework.boot.test.context.SpringBootTestContextBootstrapper=true}', contextCustomizers = set[org.springframework.boot.test.autoconfigure.actuate.metrics.MetricsExportContextCustomizerFactory$DisableMetricExportContextCustomizer@a776e, org.springframework.boot.test.autoconfigure.properties.PropertyMappingContextCustomizer@0, org.springframework.boot.test.autoconfigure.web.servlet.WebDriverContextCustomizerFactory$Customizer@e077866, org.springframework.boot.test.context.filter.ExcludeFilterContextCustomizer@1c7fd41f, org.springframework.boot.test.json.DuplicateJsonObjectContextCustomizerFactory$DuplicateJsonObjectContextCustomizer@662f5666, org.springframework.boot.test.mock.mockito.MockitoContextCustomizer@0, org.springframework.boot.test.web.client.TestRestTemplateContextCustomizer@5c87bfe2, org.springframework.boot.test.context.SpringBootTestArgs@1, org.springframework.boot.test.context.SpringBootTestWebEnvironment@3336e6b6], resourceBasePath = 'src/main/webapp', contextLoader = 'org.springframework.boot.test.context.SpringBootContextLoader', parent = [null]], attributes = map['org.springframework.test.context.web.ServletTestExecutionListener.activateListener' -> true, 'org.springframework.test.context.web.ServletTestExecutionListener.populatedRequestContextHolder' -> true, 'org.springframework.test.context.web.ServletTestExecutionListener.resetRequestContextHolder' -> true, 'org.springframework.test.context.event.ApplicationEventsTestExecutionListener.recordApplicationEvents' -> false]]
]]></system-out>
  <system-err><![CDATA[]]></system-err>
</testsuite>
